{"/Users/clementstorne/Mon Drive/Webdev/FrontEndMentor/tic-tac-toe-game/src/pages/NewGame.jsx": {"path":"/Users/clementstorne/Mon Drive/Webdev/FrontEndMentor/tic-tac-toe-game/src/pages/NewGame.jsx","all":false,"statementMap":{"0":{"start":{"line":1,"column":0},"end":{"line":1,"column":33}},"1":{"start":{"line":2,"column":0},"end":{"line":2,"column":0}},"2":{"start":{"line":3,"column":0},"end":{"line":3,"column":20}},"3":{"start":{"line":4,"column":0},"end":{"line":4,"column":59}},"4":{"start":{"line":5,"column":0},"end":{"line":5,"column":0}},"5":{"start":{"line":6,"column":0},"end":{"line":6,"column":28}},"6":{"start":{"line":7,"column":0},"end":{"line":7,"column":37}},"7":{"start":{"line":8,"column":0},"end":{"line":8,"column":4}},"8":{"start":{"line":9,"column":0},"end":{"line":9,"column":0}},"9":{"start":{"line":10,"column":0},"end":{"line":10,"column":10}},"10":{"start":{"line":11,"column":0},"end":{"line":11,"column":90}},"11":{"start":{"line":12,"column":0},"end":{"line":12,"column":46}},"12":{"start":{"line":13,"column":0},"end":{"line":13,"column":34}},"13":{"start":{"line":14,"column":0},"end":{"line":14,"column":43}},"14":{"start":{"line":15,"column":0},"end":{"line":15,"column":12}},"15":{"start":{"line":16,"column":0},"end":{"line":16,"column":60}},"16":{"start":{"line":17,"column":0},"end":{"line":17,"column":30}},"17":{"start":{"line":18,"column":0},"end":{"line":18,"column":9}},"18":{"start":{"line":19,"column":0},"end":{"line":19,"column":80}},"19":{"start":{"line":20,"column":0},"end":{"line":20,"column":30}},"20":{"start":{"line":21,"column":0},"end":{"line":21,"column":18}},"21":{"start":{"line":22,"column":0},"end":{"line":22,"column":46}},"22":{"start":{"line":23,"column":0},"end":{"line":23,"column":44}},"23":{"start":{"line":24,"column":0},"end":{"line":24,"column":16}},"24":{"start":{"line":25,"column":0},"end":{"line":25,"column":17}},"25":{"start":{"line":26,"column":0},"end":{"line":26,"column":78}},"26":{"start":{"line":27,"column":0},"end":{"line":27,"column":14}},"27":{"start":{"line":28,"column":0},"end":{"line":28,"column":16}},"28":{"start":{"line":29,"column":0},"end":{"line":29,"column":79}},"29":{"start":{"line":30,"column":0},"end":{"line":30,"column":30}},"30":{"start":{"line":31,"column":0},"end":{"line":31,"column":78}},"31":{"start":{"line":32,"column":0},"end":{"line":32,"column":17}},"32":{"start":{"line":33,"column":0},"end":{"line":33,"column":18}},"33":{"start":{"line":34,"column":0},"end":{"line":34,"column":46}},"34":{"start":{"line":35,"column":0},"end":{"line":35,"column":44}},"35":{"start":{"line":36,"column":0},"end":{"line":36,"column":16}},"36":{"start":{"line":37,"column":0},"end":{"line":37,"column":14}},"37":{"start":{"line":38,"column":0},"end":{"line":38,"column":16}},"38":{"start":{"line":39,"column":0},"end":{"line":39,"column":14}},"39":{"start":{"line":40,"column":0},"end":{"line":40,"column":73}},"40":{"start":{"line":41,"column":0},"end":{"line":41,"column":12}},"41":{"start":{"line":42,"column":0},"end":{"line":42,"column":11}},"42":{"start":{"line":43,"column":0},"end":{"line":43,"column":107}},"43":{"start":{"line":44,"column":0},"end":{"line":44,"column":27}},"44":{"start":{"line":45,"column":0},"end":{"line":45,"column":17}},"45":{"start":{"line":46,"column":0},"end":{"line":46,"column":96}},"46":{"start":{"line":47,"column":0},"end":{"line":47,"column":30}},"47":{"start":{"line":48,"column":0},"end":{"line":48,"column":17}},"48":{"start":{"line":49,"column":0},"end":{"line":49,"column":12}},"49":{"start":{"line":50,"column":0},"end":{"line":50,"column":11}},"50":{"start":{"line":51,"column":0},"end":{"line":51,"column":4}},"51":{"start":{"line":52,"column":0},"end":{"line":52,"column":1}},"52":{"start":{"line":53,"column":0},"end":{"line":53,"column":0}},"53":{"start":{"line":54,"column":0},"end":{"line":54,"column":23}}},"s":{"0":1,"1":1,"2":3,"3":3,"4":3,"5":3,"6":1,"7":1,"8":3,"9":3,"10":3,"11":3,"12":3,"13":3,"14":3,"15":3,"16":3,"17":3,"18":3,"19":3,"20":2,"21":2,"22":2,"23":2,"24":1,"25":1,"26":3,"27":3,"28":3,"29":3,"30":2,"31":1,"32":1,"33":1,"34":1,"35":1,"36":3,"37":3,"38":3,"39":3,"40":3,"41":3,"42":3,"43":3,"44":3,"45":3,"46":3,"47":3,"48":3,"49":3,"50":3,"51":3,"52":1,"53":1},"branchMap":{"0":{"type":"branch","line":3,"loc":{"start":{"line":3,"column":0},"end":{"line":52,"column":1}},"locations":[{"start":{"line":3,"column":0},"end":{"line":52,"column":1}}]},"1":{"type":"branch","line":19,"loc":{"start":{"line":19,"column":44},"end":{"line":19,"column":74}},"locations":[{"start":{"line":19,"column":44},"end":{"line":19,"column":74}}]},"2":{"type":"branch","line":19,"loc":{"start":{"line":19,"column":60},"end":{"line":19,"column":76}},"locations":[{"start":{"line":19,"column":60},"end":{"line":19,"column":76}}]},"3":{"type":"branch","line":20,"loc":{"start":{"line":20,"column":13},"end":{"line":24,"column":16}},"locations":[{"start":{"line":20,"column":13},"end":{"line":24,"column":16}}]},"4":{"type":"branch","line":24,"loc":{"start":{"line":24,"column":14},"end":{"line":26,"column":78}},"locations":[{"start":{"line":24,"column":14},"end":{"line":26,"column":78}}]},"5":{"type":"branch","line":29,"loc":{"start":{"line":29,"column":43},"end":{"line":29,"column":73}},"locations":[{"start":{"line":29,"column":43},"end":{"line":29,"column":73}}]},"6":{"type":"branch","line":29,"loc":{"start":{"line":29,"column":59},"end":{"line":29,"column":75}},"locations":[{"start":{"line":29,"column":59},"end":{"line":29,"column":75}}]},"7":{"type":"branch","line":30,"loc":{"start":{"line":30,"column":13},"end":{"line":31,"column":78}},"locations":[{"start":{"line":30,"column":13},"end":{"line":31,"column":78}}]},"8":{"type":"branch","line":31,"loc":{"start":{"line":31,"column":76},"end":{"line":36,"column":16}},"locations":[{"start":{"line":31,"column":76},"end":{"line":36,"column":16}}]},"9":{"type":"branch","line":6,"loc":{"start":{"line":6,"column":21},"end":{"line":8,"column":4}},"locations":[{"start":{"line":6,"column":21},"end":{"line":8,"column":4}}]}},"b":{"0":[3],"1":[1],"2":[2],"3":[2],"4":[1],"5":[2],"6":[1],"7":[2],"8":[1],"9":[1]},"fnMap":{"0":{"name":"NewGame","decl":{"start":{"line":3,"column":0},"end":{"line":52,"column":1}},"loc":{"start":{"line":3,"column":0},"end":{"line":52,"column":1}},"line":3},"1":{"name":"toggleMark","decl":{"start":{"line":6,"column":21},"end":{"line":8,"column":4}},"loc":{"start":{"line":6,"column":21},"end":{"line":8,"column":4}},"line":6}},"f":{"0":3,"1":1}}
}
